<?xml version="1.0" encoding="UTF-8"?>
<!-- Generated by org.testng.reporters.JUnitXMLReporter -->
<testsuite hostname="LAPTOP-1ELAPOQP" ignored="0" name=" App Test Cases" tests="3" failures="0" timestamp="2022-12-16T14:21:02 IST" time="19.296" errors="0">
  <testcase name="TestCaseID_1" time="5.492" classname="com.crm.qa.testcases.AppTestCases"/>
  <testcase name="TestCaseID_3" time="6.017" classname="com.crm.qa.testcases.AppTestCases"/>
  <testcase name="TestCaseID_4" time="1.209" classname="com.crm.qa.testcases.AppTestCases"/>
</testsuite> <!--  App Test Cases -->
