<?xml version="1.0" encoding="UTF-8"?>
<testng-results skipped="0" failed="0" ignored="0" total="3" passed="3">
  <reporter-output>
  </reporter-output>
  <suite name="Application Test Automation Test Suite" duration-ms="19296" started-at="2022-12-16T14:20:43 IST" finished-at="2022-12-16T14:21:02 IST">
    <groups>
    </groups>
    <test name=" App Test Cases" duration-ms="19296" started-at="2022-12-16T14:20:43 IST" finished-at="2022-12-16T14:21:02 IST">
      <class name="com.crm.qa.testcases.AppTestCases">
        <test-method status="PASS" signature="initialization()[pri:0, instance:com.crm.qa.testcases.AppTestCases@7c1e2a9e]" name="initialization" is-config="true" duration-ms="5659" started-at="2022-12-16T14:20:43 IST" finished-at="2022-12-16T14:20:48 IST">
          <reporter-output>
          </reporter-output>
        </test-method> <!-- initialization -->
        <test-method status="PASS" signature="methodLevelSetup()[pri:0, instance:com.crm.qa.testcases.AppTestCases@7c1e2a9e]" name="methodLevelSetup" is-config="true" duration-ms="78" started-at="2022-12-16T14:20:48 IST" finished-at="2022-12-16T14:20:48 IST">
          <reporter-output>
          </reporter-output>
        </test-method> <!-- methodLevelSetup -->
        <test-method status="PASS" signature="TestCaseID_1()[pri:0, instance:com.crm.qa.testcases.AppTestCases@7c1e2a9e]" name="TestCaseID_1" duration-ms="5492" started-at="2022-12-16T14:20:48 IST" description=" Login Scenario with  username and password." finished-at="2022-12-16T14:20:54 IST">
          <reporter-output>
          </reporter-output>
        </test-method> <!-- TestCaseID_1 -->
        <test-method status="PASS" signature="methodLevelSetup()[pri:0, instance:com.crm.qa.testcases.AppTestCases@7c1e2a9e]" name="methodLevelSetup" is-config="true" duration-ms="50" started-at="2022-12-16T14:20:54 IST" finished-at="2022-12-16T14:20:54 IST">
          <reporter-output>
          </reporter-output>
        </test-method> <!-- methodLevelSetup -->
        <test-method status="PASS" signature="TestCaseID_3()[pri:2, instance:com.crm.qa.testcases.AppTestCases@7c1e2a9e]" name="TestCaseID_3" duration-ms="6017" started-at="2022-12-16T14:20:54 IST" description="PlaceOrder" finished-at="2022-12-16T14:21:00 IST">
          <reporter-output>
          </reporter-output>
        </test-method> <!-- TestCaseID_3 -->
        <test-method status="PASS" signature="methodLevelSetup()[pri:0, instance:com.crm.qa.testcases.AppTestCases@7c1e2a9e]" name="methodLevelSetup" is-config="true" duration-ms="45" started-at="2022-12-16T14:21:00 IST" finished-at="2022-12-16T14:21:00 IST">
          <reporter-output>
          </reporter-output>
        </test-method> <!-- methodLevelSetup -->
        <test-method status="PASS" signature="TestCaseID_4()[pri:3, instance:com.crm.qa.testcases.AppTestCases@7c1e2a9e]" name="TestCaseID_4" duration-ms="1209" started-at="2022-12-16T14:21:00 IST" description="Logout" finished-at="2022-12-16T14:21:01 IST">
          <reporter-output>
          </reporter-output>
        </test-method> <!-- TestCaseID_4 -->
        <test-method status="PASS" signature="teardown()[pri:0, instance:com.crm.qa.testcases.AppTestCases@7c1e2a9e]" name="teardown" is-config="true" duration-ms="675" started-at="2022-12-16T14:21:01 IST" finished-at="2022-12-16T14:21:02 IST">
          <reporter-output>
          </reporter-output>
        </test-method> <!-- teardown -->
        <test-method status="PASS" signature="killDrivers()[pri:0, instance:com.crm.qa.testcases.AppTestCases@7c1e2a9e]" name="killDrivers" is-config="true" duration-ms="11" started-at="2022-12-16T14:21:02 IST" finished-at="2022-12-16T14:21:02 IST">
          <reporter-output>
          </reporter-output>
        </test-method> <!-- killDrivers -->
      </class> <!-- com.crm.qa.testcases.AppTestCases -->
    </test> <!--  App Test Cases -->
  </suite> <!-- Application Test Automation Test Suite -->
</testng-results>
