<?xml version="1.0" encoding="UTF-8"?>
<!-- Generated by org.testng.reporters.JUnitXMLReporter -->
<testsuite hostname="LAPTOP-1ELAPOQP" ignored="0" name=" App Test Cases" tests="3" failures="0" timestamp="16 Dec 2022 11:15:10 GMT" time="27.749" errors="0">
  <testcase name="TestCaseID_1" time="3.632" classname="com.crm.qa.testcases.AppTestCases"/>
  <testcase name="TestCaseID_3" time="11.444" classname="com.crm.qa.testcases.AppTestCases"/>
  <testcase name="TestCaseID_4" time="2.717" classname="com.crm.qa.testcases.AppTestCases"/>
</testsuite> <!--  App Test Cases -->
