<?xml version="1.0" encoding="UTF-8"?>
<!-- Generated by org.testng.reporters.JUnitXMLReporter -->
<testsuite hostname="LAPTOP-1ELAPOQP" ignored="0" name=" App Test Cases" tests="3" failures="0" timestamp="16 Dec 2022 11:41:54 GMT" time="24.342" errors="0">
  <testcase name="TestCaseID_1" time="2.986" classname="com.crm.qa.testcases.AppTestCases"/>
  <testcase name="TestCaseID_3" time="8.885" classname="com.crm.qa.testcases.AppTestCases"/>
  <testcase name="TestCaseID_4" time="2.664" classname="com.crm.qa.testcases.AppTestCases"/>
</testsuite> <!--  App Test Cases -->
