<?xml version="1.0" encoding="UTF-8"?>
<testng-results skipped="0" failed="0" ignored="0" total="3" passed="3">
  <reporter-output>
  </reporter-output>
  <suite name="Application Test Automation Test Suite" duration-ms="24342" started-at="2022-12-16T11:41:29Z" finished-at="2022-12-16T11:41:54Z">
    <groups>
    </groups>
    <test name=" App Test Cases" duration-ms="24342" started-at="2022-12-16T11:41:29Z" finished-at="2022-12-16T11:41:54Z">
      <class name="com.crm.qa.testcases.AppTestCases">
        <test-method status="PASS" signature="initialization()[pri:0, instance:com.crm.qa.testcases.AppTestCases@61862a7f]" name="initialization" is-config="true" duration-ms="8757" started-at="2022-12-16T17:11:29Z" finished-at="2022-12-16T17:11:38Z">
          <reporter-output>
          </reporter-output>
        </test-method> <!-- initialization -->
        <test-method status="PASS" signature="methodLevelSetup()[pri:0, instance:com.crm.qa.testcases.AppTestCases@61862a7f]" name="methodLevelSetup" is-config="true" duration-ms="120" started-at="2022-12-16T17:11:38Z" finished-at="2022-12-16T17:11:38Z">
          <reporter-output>
          </reporter-output>
        </test-method> <!-- methodLevelSetup -->
        <test-method status="PASS" signature="TestCaseID_1()[pri:0, instance:com.crm.qa.testcases.AppTestCases@61862a7f]" name="TestCaseID_1" duration-ms="2986" started-at="2022-12-16T17:11:38Z" description=" Login Scenario with  username and password." finished-at="2022-12-16T17:11:41Z">
          <reporter-output>
          </reporter-output>
        </test-method> <!-- TestCaseID_1 -->
        <test-method status="PASS" signature="methodLevelSetup()[pri:0, instance:com.crm.qa.testcases.AppTestCases@61862a7f]" name="methodLevelSetup" is-config="true" duration-ms="87" started-at="2022-12-16T17:11:41Z" finished-at="2022-12-16T17:11:41Z">
          <reporter-output>
          </reporter-output>
        </test-method> <!-- methodLevelSetup -->
        <test-method status="PASS" signature="TestCaseID_3()[pri:2, instance:com.crm.qa.testcases.AppTestCases@61862a7f]" name="TestCaseID_3" duration-ms="8885" started-at="2022-12-16T17:11:41Z" description="PlaceOrder" finished-at="2022-12-16T17:11:50Z">
          <reporter-output>
          </reporter-output>
        </test-method> <!-- TestCaseID_3 -->
        <test-method status="PASS" signature="methodLevelSetup()[pri:0, instance:com.crm.qa.testcases.AppTestCases@61862a7f]" name="methodLevelSetup" is-config="true" duration-ms="75" started-at="2022-12-16T17:11:50Z" finished-at="2022-12-16T17:11:50Z">
          <reporter-output>
          </reporter-output>
        </test-method> <!-- methodLevelSetup -->
        <test-method status="PASS" signature="TestCaseID_4()[pri:3, instance:com.crm.qa.testcases.AppTestCases@61862a7f]" name="TestCaseID_4" duration-ms="2664" started-at="2022-12-16T17:11:50Z" description="Logout" finished-at="2022-12-16T17:11:53Z">
          <reporter-output>
          </reporter-output>
        </test-method> <!-- TestCaseID_4 -->
        <test-method status="PASS" signature="teardown()[pri:0, instance:com.crm.qa.testcases.AppTestCases@61862a7f]" name="teardown" is-config="true" duration-ms="737" started-at="2022-12-16T17:11:53Z" finished-at="2022-12-16T17:11:54Z">
          <reporter-output>
          </reporter-output>
        </test-method> <!-- teardown -->
        <test-method status="PASS" signature="killDrivers()[pri:0, instance:com.crm.qa.testcases.AppTestCases@61862a7f]" name="killDrivers" is-config="true" duration-ms="26" started-at="2022-12-16T17:11:54Z" finished-at="2022-12-16T17:11:54Z">
          <reporter-output>
          </reporter-output>
        </test-method> <!-- killDrivers -->
      </class> <!-- com.crm.qa.testcases.AppTestCases -->
    </test> <!--  App Test Cases -->
  </suite> <!-- Application Test Automation Test Suite -->
</testng-results>
